<!DOCTYPE html PUBLIC "-//W3C//DTD XHTML 1.1//EN" "https://www.w3.org/TR/xhtml11/DTD/xhtml11.dtd">
<html xmlns="https://www.w3.org/1999/xhtml">
<head>
<meta http-equiv="content-type" content="text/html; charset=UTF-8"/>
<title>TestNG Report</title>
<style type="text/css">table {margin-bottom:10px;border-collapse:collapse;empty-cells:show}th,td {border:1px solid #009;padding:.25em .5em}th {vertical-align:bottom}td {vertical-align:top}table a {font-weight:bold}.stripe td {background-color: #E6EBF9}.num {text-align:right}.passedodd td {background-color: #3F3}.passedeven td {background-color: #0A0}.skippedodd td {background-color: #DDD}.skippedeven td {background-color: #CCC}.failedodd td,.attn {background-color: #F33}.failedeven td,.stripe .attn {background-color: #D00}.stacktrace {white-space:pre;font-family:monospace}.totop {font-size:85%;text-align:center;border-bottom:2px solid #000}.invisible {display:none}</style>
</head>
<body>
<table>
<tr><th>Test</th><th># Passed</th><th># Skipped</th><th># Retried</th><th># Failed</th><th>Time (ms)</th><th>Included Groups</th><th>Excluded Groups</th></tr>
<tr><th colspan="8">Essalikpus end to end tests</th></tr>
<tr><td><a href="#t0">End to end testing</a></td><td class="num">0</td><td class="num">0</td><td class="num">0</td><td class="num attn">4</td><td class="num">2,382,576</td><td></td><td></td></tr>
</table>
<table id='summary'><thead><tr><th>Class</th><th>Method</th><th>Start</th><th>Time (ms)</th></tr></thead><tbody><tr><th colspan="4">Essalikpus end to end tests</th></tr></tbody><tbody id="t0"><tr><th colspan="4">End to end testing &#8212; failed</th></tr><tr class="failedeven"><td rowspan="1">com.essalik.testcases1.AddProduct</td><td><a href="#m0">addproduct</a></td><td rowspan="1">1655960251664</td><td rowspan="1">10045</td></tr><tr class="failedodd"><td rowspan="1">com.essalik.testcases1.BuySubscription</td><td><a href="#m1">subscribe</a></td><td rowspan="1">1655960261716</td><td rowspan="1">10069</td></tr><tr class="failedeven"><td rowspan="1">com.essalik.testcases1.Payments</td><td><a href="#m2">pay</a></td><td rowspan="1">1655960271787</td><td rowspan="1">2300449</td></tr><tr class="failedodd"><td rowspan="1">com.essalik.testcases1.SignIn_Testcase</td><td><a href="#m3">SignIn</a></td><td rowspan="1">1655960223798</td><td rowspan="1">27862</td></tr></tbody>
</table>
<h2>End to end testing</h2><h3 id="m0">com.essalik.testcases1.AddProduct#addproduct</h3><table class="result"><tr><th>Exception</th></tr><tr><td><div class="stacktrace">org.openqa.selenium.NoSuchElementException: no such element: Unable to locate element: {&quot;method&quot;:&quot;xpath&quot;,&quot;selector&quot;:&quot;//span[normalize-space()=&apos;Products&apos;]&quot;}
  (Session info: chrome=102.0.5005.115)
For documentation on this error, please visit: https://selenium.dev/exceptions/#no_such_element
Build info: version: &apos;4.0.0&apos;, revision: &apos;3a21814679&apos;
System info: host: &apos;LAPTOP-73S0TF9M&apos;, ip: &apos;192.168.179.209&apos;, os.name: &apos;Windows 10&apos;, os.arch: &apos;amd64&apos;, os.version: &apos;10.0&apos;, java.version: &apos;15.0.2&apos;
Driver info: org.openqa.selenium.chrome.ChromeDriver
Command: [f956f743062ab1aa4b454ef4c693f464, findElement {using=xpath, value=//span[normalize-space()=&apos;Products&apos;]}]
Capabilities {acceptInsecureCerts: false, browserName: chrome, browserVersion: 102.0.5005.115, chrome: {chromedriverVersion: 102.0.5005.61 (0e59bcc00cc4..., userDataDir: C:\Users\91801\AppData\Loca...}, goog:chromeOptions: {debuggerAddress: localhost:64163}, javascriptEnabled: true, networkConnectionEnabled: false, pageLoadStrategy: normal, platform: WINDOWS, platformName: WINDOWS, proxy: Proxy(), se:cdp: ws://localhost:64163/devtoo..., se:cdpVersion: 102.0.5005.115, setWindowRect: true, strictFileInteractability: false, timeouts: {implicit: 0, pageLoad: 300000, script: 30000}, unhandledPromptBehavior: dismiss and notify, webauthn:extension:credBlob: true, webauthn:extension:largeBlob: true, webauthn:virtualAuthenticators: true}
Session ID: f956f743062ab1aa4b454ef4c693f464
	at org.openqa.selenium.remote.codec.w3c.W3CHttpResponseCodec.createException(W3CHttpResponseCodec.java:200)
	at org.openqa.selenium.remote.codec.w3c.W3CHttpResponseCodec.decode(W3CHttpResponseCodec.java:133)
	at org.openqa.selenium.remote.codec.w3c.W3CHttpResponseCodec.decode(W3CHttpResponseCodec.java:53)
	at org.openqa.selenium.remote.HttpCommandExecutor.execute(HttpCommandExecutor.java:184)
	at org.openqa.selenium.remote.service.DriverCommandExecutor.invokeExecute(DriverCommandExecutor.java:164)
	at org.openqa.selenium.remote.service.DriverCommandExecutor.execute(DriverCommandExecutor.java:139)
	at org.openqa.selenium.remote.RemoteWebDriver.execute(RemoteWebDriver.java:559)
	at org.openqa.selenium.remote.ElementLocation$ElementFinder$2.findElement(ElementLocation.java:162)
	at org.openqa.selenium.remote.ElementLocation.findElement(ElementLocation.java:60)
	at org.openqa.selenium.remote.RemoteWebDriver.findElement(RemoteWebDriver.java:383)
	at org.openqa.selenium.remote.RemoteWebDriver.findElement(RemoteWebDriver.java:375)
	at org.openqa.selenium.support.pagefactory.DefaultElementLocator.findElement(DefaultElementLocator.java:70)
	at org.openqa.selenium.support.pagefactory.internal.LocatingElementHandler.invoke(LocatingElementHandler.java:39)
	at com.sun.proxy.$Proxy21.click(Unknown Source)
	at com.essalik.pageobjects.AddProducts.ClickProducts(AddProducts.java:59)
	at com.essalik.testcases1.AddProduct.addproduct(AddProduct.java:24)
	at java.base/java.util.ArrayList.forEach(ArrayList.java:1511)
... Removed 32 stack frames</div></td></tr></table><p class="totop"><a href="#summary">back to summary</a></p>
<h3 id="m1">com.essalik.testcases1.BuySubscription#subscribe</h3><table class="result"><tr><th>Exception</th></tr><tr><td><div class="stacktrace">org.openqa.selenium.NoSuchElementException: no such element: Unable to locate element: {&quot;method&quot;:&quot;xpath&quot;,&quot;selector&quot;:&quot;//span[normalize-space()=&apos;Settings&apos;]&quot;}
  (Session info: chrome=102.0.5005.115)
For documentation on this error, please visit: https://selenium.dev/exceptions/#no_such_element
Build info: version: &apos;4.0.0&apos;, revision: &apos;3a21814679&apos;
System info: host: &apos;LAPTOP-73S0TF9M&apos;, ip: &apos;192.168.179.209&apos;, os.name: &apos;Windows 10&apos;, os.arch: &apos;amd64&apos;, os.version: &apos;10.0&apos;, java.version: &apos;15.0.2&apos;
Driver info: org.openqa.selenium.chrome.ChromeDriver
Command: [f956f743062ab1aa4b454ef4c693f464, findElement {using=xpath, value=//span[normalize-space()=&apos;Settings&apos;]}]
Capabilities {acceptInsecureCerts: false, browserName: chrome, browserVersion: 102.0.5005.115, chrome: {chromedriverVersion: 102.0.5005.61 (0e59bcc00cc4..., userDataDir: C:\Users\91801\AppData\Loca...}, goog:chromeOptions: {debuggerAddress: localhost:64163}, javascriptEnabled: true, networkConnectionEnabled: false, pageLoadStrategy: normal, platform: WINDOWS, platformName: WINDOWS, proxy: Proxy(), se:cdp: ws://localhost:64163/devtoo..., se:cdpVersion: 102.0.5005.115, setWindowRect: true, strictFileInteractability: false, timeouts: {implicit: 0, pageLoad: 300000, script: 30000}, unhandledPromptBehavior: dismiss and notify, webauthn:extension:credBlob: true, webauthn:extension:largeBlob: true, webauthn:virtualAuthenticators: true}
Session ID: f956f743062ab1aa4b454ef4c693f464
	at org.openqa.selenium.remote.codec.w3c.W3CHttpResponseCodec.createException(W3CHttpResponseCodec.java:200)
	at org.openqa.selenium.remote.codec.w3c.W3CHttpResponseCodec.decode(W3CHttpResponseCodec.java:133)
	at org.openqa.selenium.remote.codec.w3c.W3CHttpResponseCodec.decode(W3CHttpResponseCodec.java:53)
	at org.openqa.selenium.remote.HttpCommandExecutor.execute(HttpCommandExecutor.java:184)
	at org.openqa.selenium.remote.service.DriverCommandExecutor.invokeExecute(DriverCommandExecutor.java:164)
	at org.openqa.selenium.remote.service.DriverCommandExecutor.execute(DriverCommandExecutor.java:139)
	at org.openqa.selenium.remote.RemoteWebDriver.execute(RemoteWebDriver.java:559)
	at org.openqa.selenium.remote.ElementLocation$ElementFinder$2.findElement(ElementLocation.java:162)
	at org.openqa.selenium.remote.ElementLocation.findElement(ElementLocation.java:60)
	at org.openqa.selenium.remote.RemoteWebDriver.findElement(RemoteWebDriver.java:383)
	at org.openqa.selenium.remote.RemoteWebDriver.findElement(RemoteWebDriver.java:375)
	at org.openqa.selenium.support.pagefactory.DefaultElementLocator.findElement(DefaultElementLocator.java:70)
	at org.openqa.selenium.support.pagefactory.internal.LocatingElementHandler.invoke(LocatingElementHandler.java:39)
	at com.sun.proxy.$Proxy21.click(Unknown Source)
	at com.essalik.pageobjects.Subscription.ClickSettings(Subscription.java:30)
	at com.essalik.testcases1.BuySubscription.subscribe(BuySubscription.java:16)
	at java.base/java.util.ArrayList.forEach(ArrayList.java:1511)
... Removed 32 stack frames</div></td></tr></table><p class="totop"><a href="#summary">back to summary</a></p>
<h3 id="m2">com.essalik.testcases1.Payments#pay</h3><table class="result"><tr class="param"><th>Parameter #1</th></tr><tr class="param stripe"><td>card</td></tr><tr><th>Exception</th></tr><tr><td><div class="stacktrace">org.openqa.selenium.WebDriverException: disconnected: Unable to receive message from renderer
  (Session info: chrome=102.0.5005.115)
Build info: version: &apos;4.0.0&apos;, revision: &apos;3a21814679&apos;
System info: host: &apos;LAPTOP-73S0TF9M&apos;, ip: &apos;192.168.179.209&apos;, os.name: &apos;Windows 10&apos;, os.arch: &apos;amd64&apos;, os.version: &apos;10.0&apos;, java.version: &apos;15.0.2&apos;
Driver info: org.openqa.selenium.chrome.ChromeDriver
Command: [f956f743062ab1aa4b454ef4c693f464, refresh {}]
Capabilities {acceptInsecureCerts: false, browserName: chrome, browserVersion: 102.0.5005.115, chrome: {chromedriverVersion: 102.0.5005.61 (0e59bcc00cc4..., userDataDir: C:\Users\91801\AppData\Loca...}, goog:chromeOptions: {debuggerAddress: localhost:64163}, javascriptEnabled: true, networkConnectionEnabled: false, pageLoadStrategy: normal, platform: WINDOWS, platformName: WINDOWS, proxy: Proxy(), se:cdp: ws://localhost:64163/devtoo..., se:cdpVersion: 102.0.5005.115, setWindowRect: true, strictFileInteractability: false, timeouts: {implicit: 0, pageLoad: 300000, script: 30000}, unhandledPromptBehavior: dismiss and notify, webauthn:extension:credBlob: true, webauthn:extension:largeBlob: true, webauthn:virtualAuthenticators: true}
Session ID: f956f743062ab1aa4b454ef4c693f464
	at org.openqa.selenium.remote.codec.w3c.W3CHttpResponseCodec.createException(W3CHttpResponseCodec.java:200)
	at org.openqa.selenium.remote.codec.w3c.W3CHttpResponseCodec.decode(W3CHttpResponseCodec.java:133)
	at org.openqa.selenium.remote.codec.w3c.W3CHttpResponseCodec.decode(W3CHttpResponseCodec.java:53)
	at org.openqa.selenium.remote.HttpCommandExecutor.execute(HttpCommandExecutor.java:184)
	at org.openqa.selenium.remote.service.DriverCommandExecutor.invokeExecute(DriverCommandExecutor.java:164)
	at org.openqa.selenium.remote.service.DriverCommandExecutor.execute(DriverCommandExecutor.java:139)
	at org.openqa.selenium.remote.RemoteWebDriver.execute(RemoteWebDriver.java:559)
	at org.openqa.selenium.remote.RemoteWebDriver.execute(RemoteWebDriver.java:614)
	at org.openqa.selenium.remote.RemoteWebDriver.execute(RemoteWebDriver.java:618)
	at org.openqa.selenium.remote.RemoteWebDriver$RemoteNavigation.refresh(RemoteWebDriver.java:967)
	at com.essalik.pageobjects.Payment.ClickCardPayment(Payment.java:55)
	at com.essalik.pageobjects.Payment.ClickCardPayment(Payment.java:56)
	at com.essalik.pageobjects.Payment.ClickCardPayment(Payment.java:56)
	at com.essalik.pageobjects.Payment.ClickCardPayment(Payment.java:56)
	at com.essalik.pageobjects.Payment.ClickCardPayment(Payment.java:56)
	at com.essalik.pageobjects.Payment.ClickCardPayment(Payment.java:56)
	at com.essalik.pageobjects.Payment.ClickCardPayment(Payment.java:56)
	at com.essalik.pageobjects.Payment.ClickCardPayment(Payment.java:56)
	at com.essalik.pageobjects.Payment.ClickCardPayment(Payment.java:56)
	at com.essalik.pageobjects.Payment.ClickCardPayment(Payment.java:56)
	at com.essalik.pageobjects.Payment.ClickCardPayment(Payment.java:56)
	at com.essalik.pageobjects.Payment.ClickCardPayment(Payment.java:56)
	at com.essalik.pageobjects.Payment.ClickCardPayment(Payment.java:56)
	at com.essalik.pageobjects.Payment.ClickCardPayment(Payment.java:56)
	at com.essalik.pageobjects.Payment.ClickCardPayment(Payment.java:56)
	at com.essalik.pageobjects.Payment.ClickCardPayment(Payment.java:56)
	at com.essalik.pageobjects.Payment.ClickCardPayment(Payment.java:56)
	at com.essalik.pageobjects.Payment.ClickCardPayment(Payment.java:56)
	at com.essalik.pageobjects.Payment.ClickCardPayment(Payment.java:56)
	at com.essalik.pageobjects.Payment.ClickCardPayment(Payment.java:56)
	at com.essalik.pageobjects.Payment.ClickCardPayment(Payment.java:56)
	at com.essalik.pageobjects.Payment.ClickCardPayment(Payment.java:56)
	at com.essalik.pageobjects.Payment.ClickCardPayment(Payment.java:56)
	at com.essalik.pageobjects.Payment.ClickCardPayment(Payment.java:56)
	at com.essalik.pageobjects.Payment.ClickCardPayment(Payment.java:56)
	at com.essalik.pageobjects.Payment.ClickCardPayment(Payment.java:56)
	at com.essalik.pageobjects.Payment.ClickCardPayment(Payment.java:56)
	at com.essalik.pageobjects.Payment.ClickCardPayment(Payment.java:56)
	at com.essalik.pageobjects.Payment.ClickCardPayment(Payment.java:56)
	at com.essalik.pageobjects.Payment.ClickCardPayment(Payment.java:56)
	at com.essalik.pageobjects.Payment.ClickCardPayment(Payment.java:56)
	at com.essalik.pageobjects.Payment.ClickCardPayment(Payment.java:56)
	at com.essalik.pageobjects.Payment.ClickCardPayment(Payment.java:56)
	at com.essalik.pageobjects.Payment.ClickCardPayment(Payment.java:56)
	at com.essalik.pageobjects.Payment.ClickCardPayment(Payment.java:56)
	at com.essalik.pageobjects.Payment.ClickCardPayment(Payment.java:56)
	at com.essalik.pageobjects.Payment.ClickCardPayment(Payment.java:56)
	at com.essalik.pageobjects.Payment.ClickCardPayment(Payment.java:56)
	at com.essalik.pageobjects.Payment.ClickCardPayment(Payment.java:56)
	at com.essalik.pageobjects.Payment.ClickCardPayment(Payment.java:56)
	at com.essalik.pageobjects.Payment.ClickCardPayment(Payment.java:56)
	at com.essalik.pageobjects.Payment.ClickCardPayment(Payment.java:56)
	at com.essalik.pageobjects.Payment.ClickCardPayment(Payment.java:56)
	at com.essalik.pageobjects.Payment.ClickCardPayment(Payment.java:56)
	at com.essalik.pageobjects.Payment.ClickCardPayment(Payment.java:56)
	at com.essalik.pageobjects.Payment.ClickCardPayment(Payment.java:56)
	at com.essalik.pageobjects.Payment.ClickCardPayment(Payment.java:56)
	at com.essalik.pageobjects.Payment.ClickCardPayment(Payment.java:56)
	at com.essalik.pageobjects.Payment.ClickCardPayment(Payment.java:56)
	at com.essalik.pageobjects.Payment.ClickCardPayment(Payment.java:56)
	at com.essalik.pageobjects.Payment.ClickCardPayment(Payment.java:56)
	at com.essalik.pageobjects.Payment.ClickCardPayment(Payment.java:56)
	at com.essalik.pageobjects.Payment.ClickCardPayment(Payment.java:56)
	at com.essalik.pageobjects.Payment.ClickCardPayment(Payment.java:56)
	at com.essalik.pageobjects.Payment.ClickCardPayment(Payment.java:56)
	at com.essalik.pageobjects.Payment.ClickCardPayment(Payment.java:56)
	at com.essalik.pageobjects.Payment.ClickCardPayment(Payment.java:56)
	at com.essalik.pageobjects.Payment.ClickCardPayment(Payment.java:56)
	at com.essalik.pageobjects.Payment.ClickCardPayment(Payment.java:56)
	at com.essalik.pageobjects.Payment.ClickCardPayment(Payment.java:56)
	at com.essalik.pageobjects.Payment.ClickCardPayment(Payment.java:56)
	at com.essalik.pageobjects.Payment.ClickCardPayment(Payment.java:56)
	at com.essalik.pageobjects.Payment.ClickCardPayment(Payment.java:56)
	at com.essalik.pageobjects.Payment.ClickCardPayment(Payment.java:56)
	at com.essalik.pageobjects.Payment.ClickCardPayment(Payment.java:56)
	at com.essalik.pageobjects.Payment.ClickCardPayment(Payment.java:56)
	at com.essalik.pageobjects.Payment.ClickCardPayment(Payment.java:56)
	at com.essalik.pageobjects.Payment.ClickCardPayment(Payment.java:56)
	at com.essalik.pageobjects.Payment.ClickCardPayment(Payment.java:56)
	at com.essalik.pageobjects.Payment.ClickCardPayment(Payment.java:56)
	at com.essalik.pageobjects.Payment.ClickCardPayment(Payment.java:56)
	at com.essalik.pageobjects.Payment.ClickCardPayment(Payment.java:56)
	at com.essalik.pageobjects.Payment.ClickCardPayment(Payment.java:56)
	at com.essalik.pageobjects.Payment.ClickCardPayment(Payment.java:56)
	at com.essalik.pageobjects.Payment.ClickCardPayment(Payment.java:56)
	at com.essalik.pageobjects.Payment.ClickCardPayment(Payment.java:56)
	at com.essalik.pageobjects.Payment.ClickCardPayment(Payment.java:56)
	at com.essalik.pageobjects.Payment.ClickCardPayment(Payment.java:56)
	at com.essalik.pageobjects.Payment.ClickCardPayment(Payment.java:56)
	at com.essalik.pageobjects.Payment.ClickCardPayment(Payment.java:56)
	at com.essalik.pageobjects.Payment.ClickCardPayment(Payment.java:56)
	at com.essalik.pageobjects.Payment.ClickCardPayment(Payment.java:56)
	at com.essalik.pageobjects.Payment.ClickCardPayment(Payment.java:56)
	at com.essalik.pageobjects.Payment.ClickCardPayment(Payment.java:56)
	at com.essalik.pageobjects.Payment.ClickCardPayment(Payment.java:56)
	at com.essalik.pageobjects.Payment.ClickCardPayment(Payment.java:56)
	at com.essalik.pageobjects.Payment.ClickCardPayment(Payment.java:56)
	at com.essalik.pageobjects.Payment.ClickCardPayment(Payment.java:56)
	at com.essalik.pageobjects.Payment.ClickCardPayment(Payment.java:56)
	at com.essalik.pageobjects.Payment.ClickCardPayment(Payment.java:56)
	at com.essalik.pageobjects.Payment.ClickCardPayment(Payment.java:56)
	at com.essalik.pageobjects.Payment.ClickCardPayment(Payment.java:56)
	at com.essalik.pageobjects.Payment.ClickCardPayment(Payment.java:56)
	at com.essalik.pageobjects.Payment.ClickCardPayment(Payment.java:56)
	at com.essalik.pageobjects.Payment.ClickCardPayment(Payment.java:56)
	at com.essalik.pageobjects.Payment.ClickCardPayment(Payment.java:56)
	at com.essalik.pageobjects.Payment.ClickCardPayment(Payment.java:56)
	at com.essalik.pageobjects.Payment.ClickCardPayment(Payment.java:56)
	at com.essalik.pageobjects.Payment.ClickCardPayment(Payment.java:56)
	at com.essalik.pageobjects.Payment.ClickCardPayment(Payment.java:56)
	at com.essalik.pageobjects.Payment.ClickCardPayment(Payment.java:56)
	at com.essalik.pageobjects.Payment.ClickCardPayment(Payment.java:56)
	at com.essalik.pageobjects.Payment.ClickCardPayment(Payment.java:56)
	at com.essalik.pageobjects.Payment.ClickCardPayment(Payment.java:56)
	at com.essalik.pageobjects.Payment.ClickCardPayment(Payment.java:56)
	at com.essalik.pageobjects.Payment.ClickCardPayment(Payment.java:56)
	at com.essalik.pageobjects.Payment.ClickCardPayment(Payment.java:56)
	at com.essalik.pageobjects.Payment.ClickCardPayment(Payment.java:56)
	at com.essalik.pageobjects.Payment.ClickCardPayment(Payment.java:56)
	at com.essalik.pageobjects.Payment.ClickCardPayment(Payment.java:56)
	at com.essalik.pageobjects.Payment.ClickCardPayment(Payment.java:56)
	at com.essalik.pageobjects.Payment.ClickCardPayment(Payment.java:56)
	at com.essalik.pageobjects.Payment.ClickCardPayment(Payment.java:56)
	at com.essalik.pageobjects.Payment.ClickCardPayment(Payment.java:56)
	at com.essalik.pageobjects.Payment.ClickCardPayment(Payment.java:56)
	at com.essalik.pageobjects.Payment.ClickCardPayment(Payment.java:56)
	at com.essalik.pageobjects.Payment.ClickCardPayment(Payment.java:56)
	at com.essalik.pageobjects.Payment.ClickCardPayment(Payment.java:56)
	at com.essalik.pageobjects.Payment.ClickCardPayment(Payment.java:56)
	at com.essalik.pageobjects.Payment.ClickCardPayment(Payment.java:56)
	at com.essalik.pageobjects.Payment.ClickCardPayment(Payment.java:56)
	at com.essalik.pageobjects.Payment.ClickCardPayment(Payment.java:56)
	at com.essalik.pageobjects.Payment.ClickCardPayment(Payment.java:56)
	at com.essalik.pageobjects.Payment.ClickCardPayment(Payment.java:56)
	at com.essalik.pageobjects.Payment.ClickCardPayment(Payment.java:56)
	at com.essalik.pageobjects.Payment.ClickCardPayment(Payment.java:56)
	at com.essalik.pageobjects.Payment.ClickCardPayment(Payment.java:56)
	at com.essalik.pageobjects.Payment.ClickCardPayment(Payment.java:56)
	at com.essalik.pageobjects.Payment.ClickCardPayment(Payment.java:56)
	at com.essalik.pageobjects.Payment.ClickCardPayment(Payment.java:56)
	at com.essalik.pageobjects.Payment.ClickCardPayment(Payment.java:56)
	at com.essalik.pageobjects.Payment.ClickCardPayment(Payment.java:56)
	at com.essalik.pageobjects.Payment.ClickCardPayment(Payment.java:56)
	at com.essalik.pageobjects.Payment.ClickCardPayment(Payment.java:56)
	at com.essalik.pageobjects.Payment.ClickCardPayment(Payment.java:56)
	at com.essalik.pageobjects.Payment.ClickCardPayment(Payment.java:56)
	at com.essalik.pageobjects.Payment.ClickCardPayment(Payment.java:56)
	at com.essalik.pageobjects.Payment.ClickCardPayment(Payment.java:56)
	at com.essalik.pageobjects.Payment.ClickCardPayment(Payment.java:56)
	at com.essalik.pageobjects.Payment.ClickCardPayment(Payment.java:56)
	at com.essalik.pageobjects.Payment.ClickCardPayment(Payment.java:56)
	at com.essalik.pageobjects.Payment.ClickCardPayment(Payment.java:56)
	at com.essalik.pageobjects.Payment.ClickCardPayment(Payment.java:56)
	at com.essalik.pageobjects.Payment.ClickCardPayment(Payment.java:56)
	at com.essalik.pageobjects.Payment.ClickCardPayment(Payment.java:56)
	at com.essalik.pageobjects.Payment.ClickCardPayment(Payment.java:56)
	at com.essalik.pageobjects.Payment.ClickCardPayment(Payment.java:56)
	at com.essalik.pageobjects.Payment.ClickCardPayment(Payment.java:56)
	at com.essalik.testcases1.Payments.CardPayment(Payments.java:58)
	at com.essalik.testcases1.Payments.pay(Payments.java:25)
	at java.base/java.util.ArrayList.forEach(ArrayList.java:1511)
... Removed 32 stack frames</div></td></tr></table><p class="totop"><a href="#summary">back to summary</a></p>
<h3 id="m3">com.essalik.testcases1.SignIn_Testcase#SignIn</h3><table class="result"><tr><th>Exception</th></tr><tr><td><div class="stacktrace">java.lang.AssertionError: expected [true] but found [false]
	at com.essalik.testcases1.SignIn_Testcase.SignIn(SignIn_Testcase.java:50)
	at java.base/java.util.ArrayList.forEach(ArrayList.java:1511)
... Removed 31 stack frames</div></td></tr></table><p class="totop"><a href="#summary">back to summary</a></p>
</body>
</html>
