<?xml version="1.0" encoding="UTF-8"?>
<testng-results ignored="6" total="10" passed="0" failed="4" skipped="0">
  <reporter-output>
  </reporter-output>
  <suite started-at="2022-06-23T10:26:30 IST" name="Essalikpus end to end tests" finished-at="2022-06-23T11:06:13 IST" duration-ms="2382576">
    <groups>
    </groups>
    <test started-at="2022-06-23T10:26:30 IST" name="End to end testing" finished-at="2022-06-23T11:06:13 IST" duration-ms="2382576">
      <class name="com.essalik.testcases1.SignIn_Testcase">
        <test-method is-config="true" signature="setup(java.lang.String)[pri:0, instance:com.essalik.testcases1.SignIn_Testcase@644baf4a]" started-at="2022-06-23T10:26:30 IST" name="setup" finished-at="2022-06-23T10:27:03 IST" duration-ms="32937" status="PASS">
          <params>
            <param index="0">
              <value>
                <![CDATA[chrome]]>
              </value>
            </param>
          </params>
          <reporter-output>
          </reporter-output>
        </test-method> <!-- setup -->
        <test-method signature="SignIn()[pri:0, instance:com.essalik.testcases1.SignIn_Testcase@644baf4a]" started-at="2022-06-23T10:27:03 IST" name="SignIn" finished-at="2022-06-23T10:27:31 IST" duration-ms="27862" status="FAIL">
          <exception class="java.lang.AssertionError">
            <message>
              <![CDATA[expected [true] but found [false]]]>
            </message>
            <full-stacktrace>
              <![CDATA[java.lang.AssertionError: expected [true] but found [false]
at org.testng.Assert.fail(Assert.java:99)
at org.testng.Assert.failNotEquals(Assert.java:1037)
at org.testng.Assert.assertTrue(Assert.java:45)
at org.testng.Assert.assertTrue(Assert.java:55)
at com.essalik.testcases1.SignIn_Testcase.SignIn(SignIn_Testcase.java:50)
at java.base/jdk.internal.reflect.NativeMethodAccessorImpl.invoke0(Native Method)
at java.base/jdk.internal.reflect.NativeMethodAccessorImpl.invoke(NativeMethodAccessorImpl.java:64)
at java.base/jdk.internal.reflect.DelegatingMethodAccessorImpl.invoke(DelegatingMethodAccessorImpl.java:43)
at java.base/java.lang.reflect.Method.invoke(Method.java:564)
at org.testng.internal.MethodInvocationHelper.invokeMethod(MethodInvocationHelper.java:133)
at org.testng.internal.TestInvoker.invokeMethod(TestInvoker.java:598)
at org.testng.internal.TestInvoker.invokeTestMethod(TestInvoker.java:173)
at org.testng.internal.MethodRunner.runInSequence(MethodRunner.java:46)
at org.testng.internal.TestInvoker$MethodInvocationAgent.invoke(TestInvoker.java:824)
at org.testng.internal.TestInvoker.invokeTestMethods(TestInvoker.java:146)
at org.testng.internal.TestMethodWorker.invokeTestMethods(TestMethodWorker.java:146)
at org.testng.internal.TestMethodWorker.run(TestMethodWorker.java:128)
at java.base/java.util.ArrayList.forEach(ArrayList.java:1511)
at org.testng.TestRunner.privateRun(TestRunner.java:794)
at org.testng.TestRunner.run(TestRunner.java:596)
at org.testng.SuiteRunner.runTest(SuiteRunner.java:377)
at org.testng.SuiteRunner.runSequentially(SuiteRunner.java:371)
at org.testng.SuiteRunner.privateRun(SuiteRunner.java:332)
at org.testng.SuiteRunner.run(SuiteRunner.java:276)
at org.testng.SuiteRunnerWorker.runSuite(SuiteRunnerWorker.java:53)
at org.testng.SuiteRunnerWorker.run(SuiteRunnerWorker.java:96)
at org.testng.TestNG.runSuitesSequentially(TestNG.java:1212)
at org.testng.TestNG.runSuitesLocally(TestNG.java:1134)
at org.testng.TestNG.runSuites(TestNG.java:1063)
at org.testng.TestNG.run(TestNG.java:1031)
at org.testng.remote.AbstractRemoteTestNG.run(AbstractRemoteTestNG.java:115)
at org.testng.remote.RemoteTestNG.initAndRun(RemoteTestNG.java:251)
at org.testng.remote.RemoteTestNG.main(RemoteTestNG.java:77)
]]>
            </full-stacktrace>
          </exception> <!-- java.lang.AssertionError -->
          <reporter-output>
          </reporter-output>
        </test-method> <!-- SignIn -->
        <test-method is-config="true" signature="browserQuit()[pri:0, instance:com.essalik.testcases1.SignIn_Testcase@644baf4a]" started-at="2022-06-23T11:06:12 IST" name="browserQuit" finished-at="2022-06-23T11:06:13 IST" duration-ms="1046" status="PASS">
          <reporter-output>
          </reporter-output>
        </test-method> <!-- browserQuit -->
      </class> <!-- com.essalik.testcases1.SignIn_Testcase -->
      <class name="com.essalik.testcases1.Payments">
        <test-method signature="pay(java.lang.String)[pri:0, instance:com.essalik.testcases1.Payments@53fe15ff]" started-at="2022-06-23T10:27:51 IST" name="pay" finished-at="2022-06-23T11:06:12 IST" duration-ms="2300449" status="FAIL">
          <params>
            <param index="0">
              <value>
                <![CDATA[card]]>
              </value>
            </param>
          </params>
          <exception class="org.openqa.selenium.WebDriverException">
            <message>
              <![CDATA[disconnected: Unable to receive message from renderer
  (Session info: chrome=102.0.5005.115)
Build info: version: '4.0.0', revision: '3a21814679'
System info: host: 'LAPTOP-73S0TF9M', ip: '192.168.179.209', os.name: 'Windows 10', os.arch: 'amd64', os.version: '10.0', java.version: '15.0.2'
Driver info: org.openqa.selenium.chrome.ChromeDriver
Command: [f956f743062ab1aa4b454ef4c693f464, refresh {}]
Capabilities {acceptInsecureCerts: false, browserName: chrome, browserVersion: 102.0.5005.115, chrome: {chromedriverVersion: 102.0.5005.61 (0e59bcc00cc4..., userDataDir: C:\Users\91801\AppData\Loca...}, goog:chromeOptions: {debuggerAddress: localhost:64163}, javascriptEnabled: true, networkConnectionEnabled: false, pageLoadStrategy: normal, platform: WINDOWS, platformName: WINDOWS, proxy: Proxy(), se:cdp: ws://localhost:64163/devtoo..., se:cdpVersion: 102.0.5005.115, setWindowRect: true, strictFileInteractability: false, timeouts: {implicit: 0, pageLoad: 300000, script: 30000}, unhandledPromptBehavior: dismiss and notify, webauthn:extension:credBlob: true, webauthn:extension:largeBlob: true, webauthn:virtualAuthenticators: true}
Session ID: f956f743062ab1aa4b454ef4c693f464]]>
            </message>
            <full-stacktrace>
              <![CDATA[org.openqa.selenium.WebDriverException: disconnected: Unable to receive message from renderer
  (Session info: chrome=102.0.5005.115)
Build info: version: '4.0.0', revision: '3a21814679'
System info: host: 'LAPTOP-73S0TF9M', ip: '192.168.179.209', os.name: 'Windows 10', os.arch: 'amd64', os.version: '10.0', java.version: '15.0.2'
Driver info: org.openqa.selenium.chrome.ChromeDriver
Command: [f956f743062ab1aa4b454ef4c693f464, refresh {}]
Capabilities {acceptInsecureCerts: false, browserName: chrome, browserVersion: 102.0.5005.115, chrome: {chromedriverVersion: 102.0.5005.61 (0e59bcc00cc4..., userDataDir: C:\Users\91801\AppData\Loca...}, goog:chromeOptions: {debuggerAddress: localhost:64163}, javascriptEnabled: true, networkConnectionEnabled: false, pageLoadStrategy: normal, platform: WINDOWS, platformName: WINDOWS, proxy: Proxy(), se:cdp: ws://localhost:64163/devtoo..., se:cdpVersion: 102.0.5005.115, setWindowRect: true, strictFileInteractability: false, timeouts: {implicit: 0, pageLoad: 300000, script: 30000}, unhandledPromptBehavior: dismiss and notify, webauthn:extension:credBlob: true, webauthn:extension:largeBlob: true, webauthn:virtualAuthenticators: true}
Session ID: f956f743062ab1aa4b454ef4c693f464
at java.base/jdk.internal.reflect.NativeConstructorAccessorImpl.newInstance0(Native Method)
at java.base/jdk.internal.reflect.NativeConstructorAccessorImpl.newInstance(NativeConstructorAccessorImpl.java:64)
at java.base/jdk.internal.reflect.DelegatingConstructorAccessorImpl.newInstance(DelegatingConstructorAccessorImpl.java:45)
at java.base/java.lang.reflect.Constructor.newInstanceWithCaller(Constructor.java:500)
at java.base/java.lang.reflect.Constructor.newInstance(Constructor.java:481)
at org.openqa.selenium.remote.codec.w3c.W3CHttpResponseCodec.createException(W3CHttpResponseCodec.java:200)
at org.openqa.selenium.remote.codec.w3c.W3CHttpResponseCodec.decode(W3CHttpResponseCodec.java:133)
at org.openqa.selenium.remote.codec.w3c.W3CHttpResponseCodec.decode(W3CHttpResponseCodec.java:53)
at org.openqa.selenium.remote.HttpCommandExecutor.execute(HttpCommandExecutor.java:184)
at org.openqa.selenium.remote.service.DriverCommandExecutor.invokeExecute(DriverCommandExecutor.java:164)
at org.openqa.selenium.remote.service.DriverCommandExecutor.execute(DriverCommandExecutor.java:139)
at org.openqa.selenium.remote.RemoteWebDriver.execute(RemoteWebDriver.java:559)
at org.openqa.selenium.remote.RemoteWebDriver.execute(RemoteWebDriver.java:614)
at org.openqa.selenium.remote.RemoteWebDriver.execute(RemoteWebDriver.java:618)
at org.openqa.selenium.remote.RemoteWebDriver$RemoteNavigation.refresh(RemoteWebDriver.java:967)
at com.essalik.pageobjects.Payment.ClickCardPayment(Payment.java:55)
at com.essalik.pageobjects.Payment.ClickCardPayment(Payment.java:56)
at com.essalik.pageobjects.Payment.ClickCardPayment(Payment.java:56)
at com.essalik.pageobjects.Payment.ClickCardPayment(Payment.java:56)
at com.essalik.pageobjects.Payment.ClickCardPayment(Payment.java:56)
at com.essalik.pageobjects.Payment.ClickCardPayment(Payment.java:56)
at com.essalik.pageobjects.Payment.ClickCardPayment(Payment.java:56)
at com.essalik.pageobjects.Payment.ClickCardPayment(Payment.java:56)
at com.essalik.pageobjects.Payment.ClickCardPayment(Payment.java:56)
at com.essalik.pageobjects.Payment.ClickCardPayment(Payment.java:56)
at com.essalik.pageobjects.Payment.ClickCardPayment(Payment.java:56)
at com.essalik.pageobjects.Payment.ClickCardPayment(Payment.java:56)
at com.essalik.pageobjects.Payment.ClickCardPayment(Payment.java:56)
at com.essalik.pageobjects.Payment.ClickCardPayment(Payment.java:56)
at com.essalik.pageobjects.Payment.ClickCardPayment(Payment.java:56)
at com.essalik.pageobjects.Payment.ClickCardPayment(Payment.java:56)
at com.essalik.pageobjects.Payment.ClickCardPayment(Payment.java:56)
at com.essalik.pageobjects.Payment.ClickCardPayment(Payment.java:56)
at com.essalik.pageobjects.Payment.ClickCardPayment(Payment.java:56)
at com.essalik.pageobjects.Payment.ClickCardPayment(Payment.java:56)
at com.essalik.pageobjects.Payment.ClickCardPayment(Payment.java:56)
at com.essalik.pageobjects.Payment.ClickCardPayment(Payment.java:56)
at com.essalik.pageobjects.Payment.ClickCardPayment(Payment.java:56)
at com.essalik.pageobjects.Payment.ClickCardPayment(Payment.java:56)
at com.essalik.pageobjects.Payment.ClickCardPayment(Payment.java:56)
at com.essalik.pageobjects.Payment.ClickCardPayment(Payment.java:56)
at com.essalik.pageobjects.Payment.ClickCardPayment(Payment.java:56)
at com.essalik.pageobjects.Payment.ClickCardPayment(Payment.java:56)
at com.essalik.pageobjects.Payment.ClickCardPayment(Payment.java:56)
at com.essalik.pageobjects.Payment.ClickCardPayment(Payment.java:56)
at com.essalik.pageobjects.Payment.ClickCardPayment(Payment.java:56)
at com.essalik.pageobjects.Payment.ClickCardPayment(Payment.java:56)
at com.essalik.pageobjects.Payment.ClickCardPayment(Payment.java:56)
at com.essalik.pageobjects.Payment.ClickCardPayment(Payment.java:56)
at com.essalik.pageobjects.Payment.ClickCardPayment(Payment.java:56)
at com.essalik.pageobjects.Payment.ClickCardPayment(Payment.java:56)
at com.essalik.pageobjects.Payment.ClickCardPayment(Payment.java:56)
at com.essalik.pageobjects.Payment.ClickCardPayment(Payment.java:56)
at com.essalik.pageobjects.Payment.ClickCardPayment(Payment.java:56)
at com.essalik.pageobjects.Payment.ClickCardPayment(Payment.java:56)
at com.essalik.pageobjects.Payment.ClickCardPayment(Payment.java:56)
at com.essalik.pageobjects.Payment.ClickCardPayment(Payment.java:56)
at com.essalik.pageobjects.Payment.ClickCardPayment(Payment.java:56)
at com.essalik.pageobjects.Payment.ClickCardPayment(Payment.java:56)
at com.essalik.pageobjects.Payment.ClickCardPayment(Payment.java:56)
at com.essalik.pageobjects.Payment.ClickCardPayment(Payment.java:56)
at com.essalik.pageobjects.Payment.ClickCardPayment(Payment.java:56)
at com.essalik.pageobjects.Payment.ClickCardPayment(Payment.java:56)
at com.essalik.pageobjects.Payment.ClickCardPayment(Payment.java:56)
at com.essalik.pageobjects.Payment.ClickCardPayment(Payment.java:56)
at com.essalik.pageobjects.Payment.ClickCardPayment(Payment.java:56)
at com.essalik.pageobjects.Payment.ClickCardPayment(Payment.java:56)
at com.essalik.pageobjects.Payment.ClickCardPayment(Payment.java:56)
at com.essalik.pageobjects.Payment.ClickCardPayment(Payment.java:56)
at com.essalik.pageobjects.Payment.ClickCardPayment(Payment.java:56)
at com.essalik.pageobjects.Payment.ClickCardPayment(Payment.java:56)
at com.essalik.pageobjects.Payment.ClickCardPayment(Payment.java:56)
at com.essalik.pageobjects.Payment.ClickCardPayment(Payment.java:56)
at com.essalik.pageobjects.Payment.ClickCardPayment(Payment.java:56)
at com.essalik.pageobjects.Payment.ClickCardPayment(Payment.java:56)
at com.essalik.pageobjects.Payment.ClickCardPayment(Payment.java:56)
at com.essalik.pageobjects.Payment.ClickCardPayment(Payment.java:56)
at com.essalik.pageobjects.Payment.ClickCardPayment(Payment.java:56)
at com.essalik.pageobjects.Payment.ClickCardPayment(Payment.java:56)
at com.essalik.pageobjects.Payment.ClickCardPayment(Payment.java:56)
at com.essalik.pageobjects.Payment.ClickCardPayment(Payment.java:56)
at com.essalik.pageobjects.Payment.ClickCardPayment(Payment.java:56)
at com.essalik.pageobjects.Payment.ClickCardPayment(Payment.java:56)
at com.essalik.pageobjects.Payment.ClickCardPayment(Payment.java:56)
at com.essalik.pageobjects.Payment.ClickCardPayment(Payment.java:56)
at com.essalik.pageobjects.Payment.ClickCardPayment(Payment.java:56)
at com.essalik.pageobjects.Payment.ClickCardPayment(Payment.java:56)
at com.essalik.pageobjects.Payment.ClickCardPayment(Payment.java:56)
at com.essalik.pageobjects.Payment.ClickCardPayment(Payment.java:56)
at com.essalik.pageobjects.Payment.ClickCardPayment(Payment.java:56)
at com.essalik.pageobjects.Payment.ClickCardPayment(Payment.java:56)
at com.essalik.pageobjects.Payment.ClickCardPayment(Payment.java:56)
at com.essalik.pageobjects.Payment.ClickCardPayment(Payment.java:56)
at com.essalik.pageobjects.Payment.ClickCardPayment(Payment.java:56)
at com.essalik.pageobjects.Payment.ClickCardPayment(Payment.java:56)
at com.essalik.pageobjects.Payment.ClickCardPayment(Payment.java:56)
at com.essalik.pageobjects.Payment.ClickCardPayment(Payment.java:56)
at com.essalik.pageobjects.Payment.ClickCardPayment(Payment.java:56)
at com.essalik.pageobjects.Payment.ClickCardPayment(Payment.java:56)
at com.essalik.pageobjects.Payment.ClickCardPayment(Payment.java:56)
at com.essalik.pageobjects.Payment.ClickCardPayment(Payment.java:56)
at com.essalik.pageobjects.Payment.ClickCardPayment(Payment.java:56)
at com.essalik.pageobjects.Payment.ClickCardPayment(Payment.java:56)
at com.essalik.pageobjects.Payment.ClickCardPayment(Payment.java:56)
at com.essalik.pageobjects.Payment.ClickCardPayment(Payment.java:56)
at com.essalik.pageobjects.Payment.ClickCardPayment(Payment.java:56)
at com.essalik.pageobjects.Payment.ClickCardPayment(Payment.java:56)
at com.essalik.pageobjects.Payment.ClickCardPayment(Payment.java:56)
at com.essalik.pageobjects.Payment.ClickCardPayment(Payment.java:56)
at com.essalik.pageobjects.Payment.ClickCardPayment(Payment.java:56)
at com.essalik.pageobjects.Payment.ClickCardPayment(Payment.java:56)
at com.essalik.pageobjects.Payment.ClickCardPayment(Payment.java:56)
at com.essalik.pageobjects.Payment.ClickCardPayment(Payment.java:56)
at com.essalik.pageobjects.Payment.ClickCardPayment(Payment.java:56)
at com.essalik.pageobjects.Payment.ClickCardPayment(Payment.java:56)
at com.essalik.pageobjects.Payment.ClickCardPayment(Payment.java:56)
at com.essalik.pageobjects.Payment.ClickCardPayment(Payment.java:56)
at com.essalik.pageobjects.Payment.ClickCardPayment(Payment.java:56)
at com.essalik.pageobjects.Payment.ClickCardPayment(Payment.java:56)
at com.essalik.pageobjects.Payment.ClickCardPayment(Payment.java:56)
at com.essalik.pageobjects.Payment.ClickCardPayment(Payment.java:56)
at com.essalik.pageobjects.Payment.ClickCardPayment(Payment.java:56)
at com.essalik.pageobjects.Payment.ClickCardPayment(Payment.java:56)
at com.essalik.pageobjects.Payment.ClickCardPayment(Payment.java:56)
at com.essalik.pageobjects.Payment.ClickCardPayment(Payment.java:56)
at com.essalik.pageobjects.Payment.ClickCardPayment(Payment.java:56)
at com.essalik.pageobjects.Payment.ClickCardPayment(Payment.java:56)
at com.essalik.pageobjects.Payment.ClickCardPayment(Payment.java:56)
at com.essalik.pageobjects.Payment.ClickCardPayment(Payment.java:56)
at com.essalik.pageobjects.Payment.ClickCardPayment(Payment.java:56)
at com.essalik.pageobjects.Payment.ClickCardPayment(Payment.java:56)
at com.essalik.pageobjects.Payment.ClickCardPayment(Payment.java:56)
at com.essalik.pageobjects.Payment.ClickCardPayment(Payment.java:56)
at com.essalik.pageobjects.Payment.ClickCardPayment(Payment.java:56)
at com.essalik.pageobjects.Payment.ClickCardPayment(Payment.java:56)
at com.essalik.pageobjects.Payment.ClickCardPayment(Payment.java:56)
at com.essalik.pageobjects.Payment.ClickCardPayment(Payment.java:56)
at com.essalik.pageobjects.Payment.ClickCardPayment(Payment.java:56)
at com.essalik.pageobjects.Payment.ClickCardPayment(Payment.java:56)
at com.essalik.pageobjects.Payment.ClickCardPayment(Payment.java:56)
at com.essalik.pageobjects.Payment.ClickCardPayment(Payment.java:56)
at com.essalik.pageobjects.Payment.ClickCardPayment(Payment.java:56)
at com.essalik.pageobjects.Payment.ClickCardPayment(Payment.java:56)
at com.essalik.pageobjects.Payment.ClickCardPayment(Payment.java:56)
at com.essalik.pageobjects.Payment.ClickCardPayment(Payment.java:56)
at com.essalik.pageobjects.Payment.ClickCardPayment(Payment.java:56)
at com.essalik.pageobjects.Payment.ClickCardPayment(Payment.java:56)
at com.essalik.pageobjects.Payment.ClickCardPayment(Payment.java:56)
at com.essalik.pageobjects.Payment.ClickCardPayment(Payment.java:56)
at com.essalik.pageobjects.Payment.ClickCardPayment(Payment.java:56)
at com.essalik.pageobjects.Payment.ClickCardPayment(Payment.java:56)
at com.essalik.pageobjects.Payment.ClickCardPayment(Payment.java:56)
at com.essalik.pageobjects.Payment.ClickCardPayment(Payment.java:56)
at com.essalik.pageobjects.Payment.ClickCardPayment(Payment.java:56)
at com.essalik.pageobjects.Payment.ClickCardPayment(Payment.java:56)
at com.essalik.pageobjects.Payment.ClickCardPayment(Payment.java:56)
at com.essalik.pageobjects.Payment.ClickCardPayment(Payment.java:56)
at com.essalik.pageobjects.Payment.ClickCardPayment(Payment.java:56)
at com.essalik.pageobjects.Payment.ClickCardPayment(Payment.java:56)
at com.essalik.pageobjects.Payment.ClickCardPayment(Payment.java:56)
at com.essalik.pageobjects.Payment.ClickCardPayment(Payment.java:56)
at com.essalik.pageobjects.Payment.ClickCardPayment(Payment.java:56)
at com.essalik.pageobjects.Payment.ClickCardPayment(Payment.java:56)
at com.essalik.testcases1.Payments.CardPayment(Payments.java:58)
at com.essalik.testcases1.Payments.pay(Payments.java:25)
at java.base/jdk.internal.reflect.NativeMethodAccessorImpl.invoke0(Native Method)
at java.base/jdk.internal.reflect.NativeMethodAccessorImpl.invoke(NativeMethodAccessorImpl.java:64)
at java.base/jdk.internal.reflect.DelegatingMethodAccessorImpl.invoke(DelegatingMethodAccessorImpl.java:43)
at java.base/java.lang.reflect.Method.invoke(Method.java:564)
at org.testng.internal.MethodInvocationHelper.invokeMethod(MethodInvocationHelper.java:133)
at org.testng.internal.TestInvoker.invokeMethod(TestInvoker.java:598)
at org.testng.internal.TestInvoker.invokeTestMethod(TestInvoker.java:173)
at org.testng.internal.MethodRunner.runInSequence(MethodRunner.java:46)
at org.testng.internal.TestInvoker$MethodInvocationAgent.invoke(TestInvoker.java:824)
at org.testng.internal.TestInvoker.invokeTestMethods(TestInvoker.java:146)
at org.testng.internal.TestMethodWorker.invokeTestMethods(TestMethodWorker.java:146)
at org.testng.internal.TestMethodWorker.run(TestMethodWorker.java:128)
at java.base/java.util.ArrayList.forEach(ArrayList.java:1511)
at org.testng.TestRunner.privateRun(TestRunner.java:794)
at org.testng.TestRunner.run(TestRunner.java:596)
at org.testng.SuiteRunner.runTest(SuiteRunner.java:377)
at org.testng.SuiteRunner.runSequentially(SuiteRunner.java:371)
at org.testng.SuiteRunner.privateRun(SuiteRunner.java:332)
at org.testng.SuiteRunner.run(SuiteRunner.java:276)
at org.testng.SuiteRunnerWorker.runSuite(SuiteRunnerWorker.java:53)
at org.testng.SuiteRunnerWorker.run(SuiteRunnerWorker.java:96)
at org.testng.TestNG.runSuitesSequentially(TestNG.java:1212)
at org.testng.TestNG.runSuitesLocally(TestNG.java:1134)
at org.testng.TestNG.runSuites(TestNG.java:1063)
at org.testng.TestNG.run(TestNG.java:1031)
at org.testng.remote.AbstractRemoteTestNG.run(AbstractRemoteTestNG.java:115)
at org.testng.remote.RemoteTestNG.initAndRun(RemoteTestNG.java:251)
at org.testng.remote.RemoteTestNG.main(RemoteTestNG.java:77)
]]>
            </full-stacktrace>
          </exception> <!-- org.openqa.selenium.WebDriverException -->
          <reporter-output>
          </reporter-output>
        </test-method> <!-- pay -->
      </class> <!-- com.essalik.testcases1.Payments -->
      <class name="com.essalik.testcases1.AddProduct">
        <test-method signature="addproduct()[pri:0, instance:com.essalik.testcases1.AddProduct@76a4ebf2]" started-at="2022-06-23T10:27:31 IST" name="addproduct" finished-at="2022-06-23T10:27:41 IST" duration-ms="10045" status="FAIL">
          <exception class="org.openqa.selenium.NoSuchElementException">
            <message>
              <![CDATA[no such element: Unable to locate element: {"method":"xpath","selector":"//span[normalize-space()='Products']"}
  (Session info: chrome=102.0.5005.115)
For documentation on this error, please visit: https://selenium.dev/exceptions/#no_such_element
Build info: version: '4.0.0', revision: '3a21814679'
System info: host: 'LAPTOP-73S0TF9M', ip: '192.168.179.209', os.name: 'Windows 10', os.arch: 'amd64', os.version: '10.0', java.version: '15.0.2'
Driver info: org.openqa.selenium.chrome.ChromeDriver
Command: [f956f743062ab1aa4b454ef4c693f464, findElement {using=xpath, value=//span[normalize-space()='Products']}]
Capabilities {acceptInsecureCerts: false, browserName: chrome, browserVersion: 102.0.5005.115, chrome: {chromedriverVersion: 102.0.5005.61 (0e59bcc00cc4..., userDataDir: C:\Users\91801\AppData\Loca...}, goog:chromeOptions: {debuggerAddress: localhost:64163}, javascriptEnabled: true, networkConnectionEnabled: false, pageLoadStrategy: normal, platform: WINDOWS, platformName: WINDOWS, proxy: Proxy(), se:cdp: ws://localhost:64163/devtoo..., se:cdpVersion: 102.0.5005.115, setWindowRect: true, strictFileInteractability: false, timeouts: {implicit: 0, pageLoad: 300000, script: 30000}, unhandledPromptBehavior: dismiss and notify, webauthn:extension:credBlob: true, webauthn:extension:largeBlob: true, webauthn:virtualAuthenticators: true}
Session ID: f956f743062ab1aa4b454ef4c693f464]]>
            </message>
            <full-stacktrace>
              <![CDATA[org.openqa.selenium.NoSuchElementException: no such element: Unable to locate element: {"method":"xpath","selector":"//span[normalize-space()='Products']"}
  (Session info: chrome=102.0.5005.115)
For documentation on this error, please visit: https://selenium.dev/exceptions/#no_such_element
Build info: version: '4.0.0', revision: '3a21814679'
System info: host: 'LAPTOP-73S0TF9M', ip: '192.168.179.209', os.name: 'Windows 10', os.arch: 'amd64', os.version: '10.0', java.version: '15.0.2'
Driver info: org.openqa.selenium.chrome.ChromeDriver
Command: [f956f743062ab1aa4b454ef4c693f464, findElement {using=xpath, value=//span[normalize-space()='Products']}]
Capabilities {acceptInsecureCerts: false, browserName: chrome, browserVersion: 102.0.5005.115, chrome: {chromedriverVersion: 102.0.5005.61 (0e59bcc00cc4..., userDataDir: C:\Users\91801\AppData\Loca...}, goog:chromeOptions: {debuggerAddress: localhost:64163}, javascriptEnabled: true, networkConnectionEnabled: false, pageLoadStrategy: normal, platform: WINDOWS, platformName: WINDOWS, proxy: Proxy(), se:cdp: ws://localhost:64163/devtoo..., se:cdpVersion: 102.0.5005.115, setWindowRect: true, strictFileInteractability: false, timeouts: {implicit: 0, pageLoad: 300000, script: 30000}, unhandledPromptBehavior: dismiss and notify, webauthn:extension:credBlob: true, webauthn:extension:largeBlob: true, webauthn:virtualAuthenticators: true}
Session ID: f956f743062ab1aa4b454ef4c693f464
at java.base/jdk.internal.reflect.NativeConstructorAccessorImpl.newInstance0(Native Method)
at java.base/jdk.internal.reflect.NativeConstructorAccessorImpl.newInstance(NativeConstructorAccessorImpl.java:64)
at java.base/jdk.internal.reflect.DelegatingConstructorAccessorImpl.newInstance(DelegatingConstructorAccessorImpl.java:45)
at java.base/java.lang.reflect.Constructor.newInstanceWithCaller(Constructor.java:500)
at java.base/java.lang.reflect.Constructor.newInstance(Constructor.java:481)
at org.openqa.selenium.remote.codec.w3c.W3CHttpResponseCodec.createException(W3CHttpResponseCodec.java:200)
at org.openqa.selenium.remote.codec.w3c.W3CHttpResponseCodec.decode(W3CHttpResponseCodec.java:133)
at org.openqa.selenium.remote.codec.w3c.W3CHttpResponseCodec.decode(W3CHttpResponseCodec.java:53)
at org.openqa.selenium.remote.HttpCommandExecutor.execute(HttpCommandExecutor.java:184)
at org.openqa.selenium.remote.service.DriverCommandExecutor.invokeExecute(DriverCommandExecutor.java:164)
at org.openqa.selenium.remote.service.DriverCommandExecutor.execute(DriverCommandExecutor.java:139)
at org.openqa.selenium.remote.RemoteWebDriver.execute(RemoteWebDriver.java:559)
at org.openqa.selenium.remote.ElementLocation$ElementFinder$2.findElement(ElementLocation.java:162)
at org.openqa.selenium.remote.ElementLocation.findElement(ElementLocation.java:60)
at org.openqa.selenium.remote.RemoteWebDriver.findElement(RemoteWebDriver.java:383)
at org.openqa.selenium.remote.RemoteWebDriver.findElement(RemoteWebDriver.java:375)
at org.openqa.selenium.support.pagefactory.DefaultElementLocator.findElement(DefaultElementLocator.java:70)
at org.openqa.selenium.support.pagefactory.internal.LocatingElementHandler.invoke(LocatingElementHandler.java:39)
at com.sun.proxy.$Proxy21.click(Unknown Source)
at com.essalik.pageobjects.AddProducts.ClickProducts(AddProducts.java:59)
at com.essalik.testcases1.AddProduct.addproduct(AddProduct.java:24)
at java.base/jdk.internal.reflect.NativeMethodAccessorImpl.invoke0(Native Method)
at java.base/jdk.internal.reflect.NativeMethodAccessorImpl.invoke(NativeMethodAccessorImpl.java:64)
at java.base/jdk.internal.reflect.DelegatingMethodAccessorImpl.invoke(DelegatingMethodAccessorImpl.java:43)
at java.base/java.lang.reflect.Method.invoke(Method.java:564)
at org.testng.internal.MethodInvocationHelper.invokeMethod(MethodInvocationHelper.java:133)
at org.testng.internal.TestInvoker.invokeMethod(TestInvoker.java:598)
at org.testng.internal.TestInvoker.invokeTestMethod(TestInvoker.java:173)
at org.testng.internal.MethodRunner.runInSequence(MethodRunner.java:46)
at org.testng.internal.TestInvoker$MethodInvocationAgent.invoke(TestInvoker.java:824)
at org.testng.internal.TestInvoker.invokeTestMethods(TestInvoker.java:146)
at org.testng.internal.TestMethodWorker.invokeTestMethods(TestMethodWorker.java:146)
at org.testng.internal.TestMethodWorker.run(TestMethodWorker.java:128)
at java.base/java.util.ArrayList.forEach(ArrayList.java:1511)
at org.testng.TestRunner.privateRun(TestRunner.java:794)
at org.testng.TestRunner.run(TestRunner.java:596)
at org.testng.SuiteRunner.runTest(SuiteRunner.java:377)
at org.testng.SuiteRunner.runSequentially(SuiteRunner.java:371)
at org.testng.SuiteRunner.privateRun(SuiteRunner.java:332)
at org.testng.SuiteRunner.run(SuiteRunner.java:276)
at org.testng.SuiteRunnerWorker.runSuite(SuiteRunnerWorker.java:53)
at org.testng.SuiteRunnerWorker.run(SuiteRunnerWorker.java:96)
at org.testng.TestNG.runSuitesSequentially(TestNG.java:1212)
at org.testng.TestNG.runSuitesLocally(TestNG.java:1134)
at org.testng.TestNG.runSuites(TestNG.java:1063)
at org.testng.TestNG.run(TestNG.java:1031)
at org.testng.remote.AbstractRemoteTestNG.run(AbstractRemoteTestNG.java:115)
at org.testng.remote.RemoteTestNG.initAndRun(RemoteTestNG.java:251)
at org.testng.remote.RemoteTestNG.main(RemoteTestNG.java:77)
]]>
            </full-stacktrace>
          </exception> <!-- org.openqa.selenium.NoSuchElementException -->
          <reporter-output>
          </reporter-output>
        </test-method> <!-- addproduct -->
      </class> <!-- com.essalik.testcases1.AddProduct -->
      <class name="com.essalik.testcases1.BuySubscription">
        <test-method signature="subscribe()[pri:0, instance:com.essalik.testcases1.BuySubscription@2e8c1c9b]" started-at="2022-06-23T10:27:41 IST" name="subscribe" finished-at="2022-06-23T10:27:51 IST" duration-ms="10069" status="FAIL">
          <exception class="org.openqa.selenium.NoSuchElementException">
            <message>
              <![CDATA[no such element: Unable to locate element: {"method":"xpath","selector":"//span[normalize-space()='Settings']"}
  (Session info: chrome=102.0.5005.115)
For documentation on this error, please visit: https://selenium.dev/exceptions/#no_such_element
Build info: version: '4.0.0', revision: '3a21814679'
System info: host: 'LAPTOP-73S0TF9M', ip: '192.168.179.209', os.name: 'Windows 10', os.arch: 'amd64', os.version: '10.0', java.version: '15.0.2'
Driver info: org.openqa.selenium.chrome.ChromeDriver
Command: [f956f743062ab1aa4b454ef4c693f464, findElement {using=xpath, value=//span[normalize-space()='Settings']}]
Capabilities {acceptInsecureCerts: false, browserName: chrome, browserVersion: 102.0.5005.115, chrome: {chromedriverVersion: 102.0.5005.61 (0e59bcc00cc4..., userDataDir: C:\Users\91801\AppData\Loca...}, goog:chromeOptions: {debuggerAddress: localhost:64163}, javascriptEnabled: true, networkConnectionEnabled: false, pageLoadStrategy: normal, platform: WINDOWS, platformName: WINDOWS, proxy: Proxy(), se:cdp: ws://localhost:64163/devtoo..., se:cdpVersion: 102.0.5005.115, setWindowRect: true, strictFileInteractability: false, timeouts: {implicit: 0, pageLoad: 300000, script: 30000}, unhandledPromptBehavior: dismiss and notify, webauthn:extension:credBlob: true, webauthn:extension:largeBlob: true, webauthn:virtualAuthenticators: true}
Session ID: f956f743062ab1aa4b454ef4c693f464]]>
            </message>
            <full-stacktrace>
              <![CDATA[org.openqa.selenium.NoSuchElementException: no such element: Unable to locate element: {"method":"xpath","selector":"//span[normalize-space()='Settings']"}
  (Session info: chrome=102.0.5005.115)
For documentation on this error, please visit: https://selenium.dev/exceptions/#no_such_element
Build info: version: '4.0.0', revision: '3a21814679'
System info: host: 'LAPTOP-73S0TF9M', ip: '192.168.179.209', os.name: 'Windows 10', os.arch: 'amd64', os.version: '10.0', java.version: '15.0.2'
Driver info: org.openqa.selenium.chrome.ChromeDriver
Command: [f956f743062ab1aa4b454ef4c693f464, findElement {using=xpath, value=//span[normalize-space()='Settings']}]
Capabilities {acceptInsecureCerts: false, browserName: chrome, browserVersion: 102.0.5005.115, chrome: {chromedriverVersion: 102.0.5005.61 (0e59bcc00cc4..., userDataDir: C:\Users\91801\AppData\Loca...}, goog:chromeOptions: {debuggerAddress: localhost:64163}, javascriptEnabled: true, networkConnectionEnabled: false, pageLoadStrategy: normal, platform: WINDOWS, platformName: WINDOWS, proxy: Proxy(), se:cdp: ws://localhost:64163/devtoo..., se:cdpVersion: 102.0.5005.115, setWindowRect: true, strictFileInteractability: false, timeouts: {implicit: 0, pageLoad: 300000, script: 30000}, unhandledPromptBehavior: dismiss and notify, webauthn:extension:credBlob: true, webauthn:extension:largeBlob: true, webauthn:virtualAuthenticators: true}
Session ID: f956f743062ab1aa4b454ef4c693f464
at java.base/jdk.internal.reflect.NativeConstructorAccessorImpl.newInstance0(Native Method)
at java.base/jdk.internal.reflect.NativeConstructorAccessorImpl.newInstance(NativeConstructorAccessorImpl.java:64)
at java.base/jdk.internal.reflect.DelegatingConstructorAccessorImpl.newInstance(DelegatingConstructorAccessorImpl.java:45)
at java.base/java.lang.reflect.Constructor.newInstanceWithCaller(Constructor.java:500)
at java.base/java.lang.reflect.Constructor.newInstance(Constructor.java:481)
at org.openqa.selenium.remote.codec.w3c.W3CHttpResponseCodec.createException(W3CHttpResponseCodec.java:200)
at org.openqa.selenium.remote.codec.w3c.W3CHttpResponseCodec.decode(W3CHttpResponseCodec.java:133)
at org.openqa.selenium.remote.codec.w3c.W3CHttpResponseCodec.decode(W3CHttpResponseCodec.java:53)
at org.openqa.selenium.remote.HttpCommandExecutor.execute(HttpCommandExecutor.java:184)
at org.openqa.selenium.remote.service.DriverCommandExecutor.invokeExecute(DriverCommandExecutor.java:164)
at org.openqa.selenium.remote.service.DriverCommandExecutor.execute(DriverCommandExecutor.java:139)
at org.openqa.selenium.remote.RemoteWebDriver.execute(RemoteWebDriver.java:559)
at org.openqa.selenium.remote.ElementLocation$ElementFinder$2.findElement(ElementLocation.java:162)
at org.openqa.selenium.remote.ElementLocation.findElement(ElementLocation.java:60)
at org.openqa.selenium.remote.RemoteWebDriver.findElement(RemoteWebDriver.java:383)
at org.openqa.selenium.remote.RemoteWebDriver.findElement(RemoteWebDriver.java:375)
at org.openqa.selenium.support.pagefactory.DefaultElementLocator.findElement(DefaultElementLocator.java:70)
at org.openqa.selenium.support.pagefactory.internal.LocatingElementHandler.invoke(LocatingElementHandler.java:39)
at com.sun.proxy.$Proxy21.click(Unknown Source)
at com.essalik.pageobjects.Subscription.ClickSettings(Subscription.java:30)
at com.essalik.testcases1.BuySubscription.subscribe(BuySubscription.java:16)
at java.base/jdk.internal.reflect.NativeMethodAccessorImpl.invoke0(Native Method)
at java.base/jdk.internal.reflect.NativeMethodAccessorImpl.invoke(NativeMethodAccessorImpl.java:64)
at java.base/jdk.internal.reflect.DelegatingMethodAccessorImpl.invoke(DelegatingMethodAccessorImpl.java:43)
at java.base/java.lang.reflect.Method.invoke(Method.java:564)
at org.testng.internal.MethodInvocationHelper.invokeMethod(MethodInvocationHelper.java:133)
at org.testng.internal.TestInvoker.invokeMethod(TestInvoker.java:598)
at org.testng.internal.TestInvoker.invokeTestMethod(TestInvoker.java:173)
at org.testng.internal.MethodRunner.runInSequence(MethodRunner.java:46)
at org.testng.internal.TestInvoker$MethodInvocationAgent.invoke(TestInvoker.java:824)
at org.testng.internal.TestInvoker.invokeTestMethods(TestInvoker.java:146)
at org.testng.internal.TestMethodWorker.invokeTestMethods(TestMethodWorker.java:146)
at org.testng.internal.TestMethodWorker.run(TestMethodWorker.java:128)
at java.base/java.util.ArrayList.forEach(ArrayList.java:1511)
at org.testng.TestRunner.privateRun(TestRunner.java:794)
at org.testng.TestRunner.run(TestRunner.java:596)
at org.testng.SuiteRunner.runTest(SuiteRunner.java:377)
at org.testng.SuiteRunner.runSequentially(SuiteRunner.java:371)
at org.testng.SuiteRunner.privateRun(SuiteRunner.java:332)
at org.testng.SuiteRunner.run(SuiteRunner.java:276)
at org.testng.SuiteRunnerWorker.runSuite(SuiteRunnerWorker.java:53)
at org.testng.SuiteRunnerWorker.run(SuiteRunnerWorker.java:96)
at org.testng.TestNG.runSuitesSequentially(TestNG.java:1212)
at org.testng.TestNG.runSuitesLocally(TestNG.java:1134)
at org.testng.TestNG.runSuites(TestNG.java:1063)
at org.testng.TestNG.run(TestNG.java:1031)
at org.testng.remote.AbstractRemoteTestNG.run(AbstractRemoteTestNG.java:115)
at org.testng.remote.RemoteTestNG.initAndRun(RemoteTestNG.java:251)
at org.testng.remote.RemoteTestNG.main(RemoteTestNG.java:77)
]]>
            </full-stacktrace>
          </exception> <!-- org.openqa.selenium.NoSuchElementException -->
          <reporter-output>
          </reporter-output>
        </test-method> <!-- subscribe -->
      </class> <!-- com.essalik.testcases1.BuySubscription -->
    </test> <!-- End to end testing -->
  </suite> <!-- Essalikpus end to end tests -->
</testng-results>
