<?xml version="1.0" encoding="UTF-8"?>
<!-- Generated by org.testng.reporters.JUnitXMLReporter -->
<testsuite ignored="6" hostname="LAPTOP-73S0TF9M" failures="4" tests="4" name="End to end testing" time="2382.576" errors="0" timestamp="2022-06-23T11:06:13 IST">
  <testcase classname="com.essalik.testcases1.SignIn_Testcase" name="SignIn" time="27.862">
    <failure type="java.lang.AssertionError" message="expected [true] but found [false]">
      <![CDATA[java.lang.AssertionError: expected [true] but found [false]
at com.essalik.testcases1.SignIn_Testcase.SignIn(SignIn_Testcase.java:50)
at java.base/java.util.ArrayList.forEach(ArrayList.java:1511)
... Removed 31 stack frames]]>
    </failure>
  </testcase> <!-- SignIn -->
  <testcase classname="com.essalik.testcases1.AddProduct" name="addproduct" time="10.045">
    <failure type="org.openqa.selenium.NoSuchElementException" message="no such element: Unable to locate element: {&amp;quot;method&amp;quot;:&amp;quot;xpath&amp;quot;,&amp;quot;selector&amp;quot;:&amp;quot;//span[normalize-space()=&amp;apos;Products&amp;apos;]&amp;quot;}
  (Session info: chrome=102.0.5005.115)
For documentation on this error, please visit: https://selenium.dev/exceptions/#no_such_element
Build info: version: &amp;apos;4.0.0&amp;apos;, revision: &amp;apos;3a21814679&amp;apos;
System info: host: &amp;apos;LAPTOP-73S0TF9M&amp;apos;, ip: &amp;apos;192.168.179.209&amp;apos;, os.name: &amp;apos;Windows 10&amp;apos;, os.arch: &amp;apos;amd64&amp;apos;, os.version: &amp;apos;10.0&amp;apos;, java.version: &amp;apos;15.0.2&amp;apos;
Driver info: org.openqa.selenium.chrome.ChromeDriver
Command: [f956f743062ab1aa4b454ef4c693f464, findElement {using=xpath, value=//span[normalize-space()=&amp;apos;Products&amp;apos;]}]
Capabilities {acceptInsecureCerts: false, browserName: chrome, browserVersion: 102.0.5005.115, chrome: {chromedriverVersion: 102.0.5005.61 (0e59bcc00cc4..., userDataDir: C:\Users\91801\AppData\Loca...}, goog:chromeOptions: {debuggerAddress: localhost:64163}, javascriptEnabled: true, networkConnectionEnabled: false, pageLoadStrategy: normal, platform: WINDOWS, platformName: WINDOWS, proxy: Proxy(), se:cdp: ws://localhost:64163/devtoo..., se:cdpVersion: 102.0.5005.115, setWindowRect: true, strictFileInteractability: false, timeouts: {implicit: 0, pageLoad: 300000, script: 30000}, unhandledPromptBehavior: dismiss and notify, webauthn:extension:credBlob: true, webauthn:extension:largeBlob: true, webauthn:virtualAuthenticators: true}
Session ID: f956f743062ab1aa4b454ef4c693f464">
      <![CDATA[org.openqa.selenium.NoSuchElementException: no such element: Unable to locate element: {"method":"xpath","selector":"//span[normalize-space()='Products']"}
  (Session info: chrome=102.0.5005.115)
For documentation on this error, please visit: https://selenium.dev/exceptions/#no_such_element
Build info: version: '4.0.0', revision: '3a21814679'
System info: host: 'LAPTOP-73S0TF9M', ip: '192.168.179.209', os.name: 'Windows 10', os.arch: 'amd64', os.version: '10.0', java.version: '15.0.2'
Driver info: org.openqa.selenium.chrome.ChromeDriver
Command: [f956f743062ab1aa4b454ef4c693f464, findElement {using=xpath, value=//span[normalize-space()='Products']}]
Capabilities {acceptInsecureCerts: false, browserName: chrome, browserVersion: 102.0.5005.115, chrome: {chromedriverVersion: 102.0.5005.61 (0e59bcc00cc4..., userDataDir: C:\Users\91801\AppData\Loca...}, goog:chromeOptions: {debuggerAddress: localhost:64163}, javascriptEnabled: true, networkConnectionEnabled: false, pageLoadStrategy: normal, platform: WINDOWS, platformName: WINDOWS, proxy: Proxy(), se:cdp: ws://localhost:64163/devtoo..., se:cdpVersion: 102.0.5005.115, setWindowRect: true, strictFileInteractability: false, timeouts: {implicit: 0, pageLoad: 300000, script: 30000}, unhandledPromptBehavior: dismiss and notify, webauthn:extension:credBlob: true, webauthn:extension:largeBlob: true, webauthn:virtualAuthenticators: true}
Session ID: f956f743062ab1aa4b454ef4c693f464
at org.openqa.selenium.remote.codec.w3c.W3CHttpResponseCodec.createException(W3CHttpResponseCodec.java:200)
at org.openqa.selenium.remote.codec.w3c.W3CHttpResponseCodec.decode(W3CHttpResponseCodec.java:133)
at org.openqa.selenium.remote.codec.w3c.W3CHttpResponseCodec.decode(W3CHttpResponseCodec.java:53)
at org.openqa.selenium.remote.HttpCommandExecutor.execute(HttpCommandExecutor.java:184)
at org.openqa.selenium.remote.service.DriverCommandExecutor.invokeExecute(DriverCommandExecutor.java:164)
at org.openqa.selenium.remote.service.DriverCommandExecutor.execute(DriverCommandExecutor.java:139)
at org.openqa.selenium.remote.RemoteWebDriver.execute(RemoteWebDriver.java:559)
at org.openqa.selenium.remote.ElementLocation$ElementFinder$2.findElement(ElementLocation.java:162)
at org.openqa.selenium.remote.ElementLocation.findElement(ElementLocation.java:60)
at org.openqa.selenium.remote.RemoteWebDriver.findElement(RemoteWebDriver.java:383)
at org.openqa.selenium.remote.RemoteWebDriver.findElement(RemoteWebDriver.java:375)
at org.openqa.selenium.support.pagefactory.DefaultElementLocator.findElement(DefaultElementLocator.java:70)
at org.openqa.selenium.support.pagefactory.internal.LocatingElementHandler.invoke(LocatingElementHandler.java:39)
at com.sun.proxy.$Proxy21.click(Unknown Source)
at com.essalik.pageobjects.AddProducts.ClickProducts(AddProducts.java:59)
at com.essalik.testcases1.AddProduct.addproduct(AddProduct.java:24)
at java.base/java.util.ArrayList.forEach(ArrayList.java:1511)
... Removed 32 stack frames]]>
    </failure>
  </testcase> <!-- addproduct -->
  <testcase classname="com.essalik.testcases1.BuySubscription" name="subscribe" time="10.069">
    <failure type="org.openqa.selenium.NoSuchElementException" message="no such element: Unable to locate element: {&amp;quot;method&amp;quot;:&amp;quot;xpath&amp;quot;,&amp;quot;selector&amp;quot;:&amp;quot;//span[normalize-space()=&amp;apos;Settings&amp;apos;]&amp;quot;}
  (Session info: chrome=102.0.5005.115)
For documentation on this error, please visit: https://selenium.dev/exceptions/#no_such_element
Build info: version: &amp;apos;4.0.0&amp;apos;, revision: &amp;apos;3a21814679&amp;apos;
System info: host: &amp;apos;LAPTOP-73S0TF9M&amp;apos;, ip: &amp;apos;192.168.179.209&amp;apos;, os.name: &amp;apos;Windows 10&amp;apos;, os.arch: &amp;apos;amd64&amp;apos;, os.version: &amp;apos;10.0&amp;apos;, java.version: &amp;apos;15.0.2&amp;apos;
Driver info: org.openqa.selenium.chrome.ChromeDriver
Command: [f956f743062ab1aa4b454ef4c693f464, findElement {using=xpath, value=//span[normalize-space()=&amp;apos;Settings&amp;apos;]}]
Capabilities {acceptInsecureCerts: false, browserName: chrome, browserVersion: 102.0.5005.115, chrome: {chromedriverVersion: 102.0.5005.61 (0e59bcc00cc4..., userDataDir: C:\Users\91801\AppData\Loca...}, goog:chromeOptions: {debuggerAddress: localhost:64163}, javascriptEnabled: true, networkConnectionEnabled: false, pageLoadStrategy: normal, platform: WINDOWS, platformName: WINDOWS, proxy: Proxy(), se:cdp: ws://localhost:64163/devtoo..., se:cdpVersion: 102.0.5005.115, setWindowRect: true, strictFileInteractability: false, timeouts: {implicit: 0, pageLoad: 300000, script: 30000}, unhandledPromptBehavior: dismiss and notify, webauthn:extension:credBlob: true, webauthn:extension:largeBlob: true, webauthn:virtualAuthenticators: true}
Session ID: f956f743062ab1aa4b454ef4c693f464">
      <![CDATA[org.openqa.selenium.NoSuchElementException: no such element: Unable to locate element: {"method":"xpath","selector":"//span[normalize-space()='Settings']"}
  (Session info: chrome=102.0.5005.115)
For documentation on this error, please visit: https://selenium.dev/exceptions/#no_such_element
Build info: version: '4.0.0', revision: '3a21814679'
System info: host: 'LAPTOP-73S0TF9M', ip: '192.168.179.209', os.name: 'Windows 10', os.arch: 'amd64', os.version: '10.0', java.version: '15.0.2'
Driver info: org.openqa.selenium.chrome.ChromeDriver
Command: [f956f743062ab1aa4b454ef4c693f464, findElement {using=xpath, value=//span[normalize-space()='Settings']}]
Capabilities {acceptInsecureCerts: false, browserName: chrome, browserVersion: 102.0.5005.115, chrome: {chromedriverVersion: 102.0.5005.61 (0e59bcc00cc4..., userDataDir: C:\Users\91801\AppData\Loca...}, goog:chromeOptions: {debuggerAddress: localhost:64163}, javascriptEnabled: true, networkConnectionEnabled: false, pageLoadStrategy: normal, platform: WINDOWS, platformName: WINDOWS, proxy: Proxy(), se:cdp: ws://localhost:64163/devtoo..., se:cdpVersion: 102.0.5005.115, setWindowRect: true, strictFileInteractability: false, timeouts: {implicit: 0, pageLoad: 300000, script: 30000}, unhandledPromptBehavior: dismiss and notify, webauthn:extension:credBlob: true, webauthn:extension:largeBlob: true, webauthn:virtualAuthenticators: true}
Session ID: f956f743062ab1aa4b454ef4c693f464
at org.openqa.selenium.remote.codec.w3c.W3CHttpResponseCodec.createException(W3CHttpResponseCodec.java:200)
at org.openqa.selenium.remote.codec.w3c.W3CHttpResponseCodec.decode(W3CHttpResponseCodec.java:133)
at org.openqa.selenium.remote.codec.w3c.W3CHttpResponseCodec.decode(W3CHttpResponseCodec.java:53)
at org.openqa.selenium.remote.HttpCommandExecutor.execute(HttpCommandExecutor.java:184)
at org.openqa.selenium.remote.service.DriverCommandExecutor.invokeExecute(DriverCommandExecutor.java:164)
at org.openqa.selenium.remote.service.DriverCommandExecutor.execute(DriverCommandExecutor.java:139)
at org.openqa.selenium.remote.RemoteWebDriver.execute(RemoteWebDriver.java:559)
at org.openqa.selenium.remote.ElementLocation$ElementFinder$2.findElement(ElementLocation.java:162)
at org.openqa.selenium.remote.ElementLocation.findElement(ElementLocation.java:60)
at org.openqa.selenium.remote.RemoteWebDriver.findElement(RemoteWebDriver.java:383)
at org.openqa.selenium.remote.RemoteWebDriver.findElement(RemoteWebDriver.java:375)
at org.openqa.selenium.support.pagefactory.DefaultElementLocator.findElement(DefaultElementLocator.java:70)
at org.openqa.selenium.support.pagefactory.internal.LocatingElementHandler.invoke(LocatingElementHandler.java:39)
at com.sun.proxy.$Proxy21.click(Unknown Source)
at com.essalik.pageobjects.Subscription.ClickSettings(Subscription.java:30)
at com.essalik.testcases1.BuySubscription.subscribe(BuySubscription.java:16)
at java.base/java.util.ArrayList.forEach(ArrayList.java:1511)
... Removed 32 stack frames]]>
    </failure>
  </testcase> <!-- subscribe -->
  <testcase classname="com.essalik.testcases1.Payments" name="pay" time="2300.449">
    <failure type="org.openqa.selenium.WebDriverException" message="disconnected: Unable to receive message from renderer
  (Session info: chrome=102.0.5005.115)
Build info: version: &amp;apos;4.0.0&amp;apos;, revision: &amp;apos;3a21814679&amp;apos;
System info: host: &amp;apos;LAPTOP-73S0TF9M&amp;apos;, ip: &amp;apos;192.168.179.209&amp;apos;, os.name: &amp;apos;Windows 10&amp;apos;, os.arch: &amp;apos;amd64&amp;apos;, os.version: &amp;apos;10.0&amp;apos;, java.version: &amp;apos;15.0.2&amp;apos;
Driver info: org.openqa.selenium.chrome.ChromeDriver
Command: [f956f743062ab1aa4b454ef4c693f464, refresh {}]
Capabilities {acceptInsecureCerts: false, browserName: chrome, browserVersion: 102.0.5005.115, chrome: {chromedriverVersion: 102.0.5005.61 (0e59bcc00cc4..., userDataDir: C:\Users\91801\AppData\Loca...}, goog:chromeOptions: {debuggerAddress: localhost:64163}, javascriptEnabled: true, networkConnectionEnabled: false, pageLoadStrategy: normal, platform: WINDOWS, platformName: WINDOWS, proxy: Proxy(), se:cdp: ws://localhost:64163/devtoo..., se:cdpVersion: 102.0.5005.115, setWindowRect: true, strictFileInteractability: false, timeouts: {implicit: 0, pageLoad: 300000, script: 30000}, unhandledPromptBehavior: dismiss and notify, webauthn:extension:credBlob: true, webauthn:extension:largeBlob: true, webauthn:virtualAuthenticators: true}
Session ID: f956f743062ab1aa4b454ef4c693f464">
      <![CDATA[org.openqa.selenium.WebDriverException: disconnected: Unable to receive message from renderer
  (Session info: chrome=102.0.5005.115)
Build info: version: '4.0.0', revision: '3a21814679'
System info: host: 'LAPTOP-73S0TF9M', ip: '192.168.179.209', os.name: 'Windows 10', os.arch: 'amd64', os.version: '10.0', java.version: '15.0.2'
Driver info: org.openqa.selenium.chrome.ChromeDriver
Command: [f956f743062ab1aa4b454ef4c693f464, refresh {}]
Capabilities {acceptInsecureCerts: false, browserName: chrome, browserVersion: 102.0.5005.115, chrome: {chromedriverVersion: 102.0.5005.61 (0e59bcc00cc4..., userDataDir: C:\Users\91801\AppData\Loca...}, goog:chromeOptions: {debuggerAddress: localhost:64163}, javascriptEnabled: true, networkConnectionEnabled: false, pageLoadStrategy: normal, platform: WINDOWS, platformName: WINDOWS, proxy: Proxy(), se:cdp: ws://localhost:64163/devtoo..., se:cdpVersion: 102.0.5005.115, setWindowRect: true, strictFileInteractability: false, timeouts: {implicit: 0, pageLoad: 300000, script: 30000}, unhandledPromptBehavior: dismiss and notify, webauthn:extension:credBlob: true, webauthn:extension:largeBlob: true, webauthn:virtualAuthenticators: true}
Session ID: f956f743062ab1aa4b454ef4c693f464
at org.openqa.selenium.remote.codec.w3c.W3CHttpResponseCodec.createException(W3CHttpResponseCodec.java:200)
at org.openqa.selenium.remote.codec.w3c.W3CHttpResponseCodec.decode(W3CHttpResponseCodec.java:133)
at org.openqa.selenium.remote.codec.w3c.W3CHttpResponseCodec.decode(W3CHttpResponseCodec.java:53)
at org.openqa.selenium.remote.HttpCommandExecutor.execute(HttpCommandExecutor.java:184)
at org.openqa.selenium.remote.service.DriverCommandExecutor.invokeExecute(DriverCommandExecutor.java:164)
at org.openqa.selenium.remote.service.DriverCommandExecutor.execute(DriverCommandExecutor.java:139)
at org.openqa.selenium.remote.RemoteWebDriver.execute(RemoteWebDriver.java:559)
at org.openqa.selenium.remote.RemoteWebDriver.execute(RemoteWebDriver.java:614)
at org.openqa.selenium.remote.RemoteWebDriver.execute(RemoteWebDriver.java:618)
at org.openqa.selenium.remote.RemoteWebDriver$RemoteNavigation.refresh(RemoteWebDriver.java:967)
at com.essalik.pageobjects.Payment.ClickCardPayment(Payment.java:55)
at com.essalik.pageobjects.Payment.ClickCardPayment(Payment.java:56)
at com.essalik.pageobjects.Payment.ClickCardPayment(Payment.java:56)
at com.essalik.pageobjects.Payment.ClickCardPayment(Payment.java:56)
at com.essalik.pageobjects.Payment.ClickCardPayment(Payment.java:56)
at com.essalik.pageobjects.Payment.ClickCardPayment(Payment.java:56)
at com.essalik.pageobjects.Payment.ClickCardPayment(Payment.java:56)
at com.essalik.pageobjects.Payment.ClickCardPayment(Payment.java:56)
at com.essalik.pageobjects.Payment.ClickCardPayment(Payment.java:56)
at com.essalik.pageobjects.Payment.ClickCardPayment(Payment.java:56)
at com.essalik.pageobjects.Payment.ClickCardPayment(Payment.java:56)
at com.essalik.pageobjects.Payment.ClickCardPayment(Payment.java:56)
at com.essalik.pageobjects.Payment.ClickCardPayment(Payment.java:56)
at com.essalik.pageobjects.Payment.ClickCardPayment(Payment.java:56)
at com.essalik.pageobjects.Payment.ClickCardPayment(Payment.java:56)
at com.essalik.pageobjects.Payment.ClickCardPayment(Payment.java:56)
at com.essalik.pageobjects.Payment.ClickCardPayment(Payment.java:56)
at com.essalik.pageobjects.Payment.ClickCardPayment(Payment.java:56)
at com.essalik.pageobjects.Payment.ClickCardPayment(Payment.java:56)
at com.essalik.pageobjects.Payment.ClickCardPayment(Payment.java:56)
at com.essalik.pageobjects.Payment.ClickCardPayment(Payment.java:56)
at com.essalik.pageobjects.Payment.ClickCardPayment(Payment.java:56)
at com.essalik.pageobjects.Payment.ClickCardPayment(Payment.java:56)
at com.essalik.pageobjects.Payment.ClickCardPayment(Payment.java:56)
at com.essalik.pageobjects.Payment.ClickCardPayment(Payment.java:56)
at com.essalik.pageobjects.Payment.ClickCardPayment(Payment.java:56)
at com.essalik.pageobjects.Payment.ClickCardPayment(Payment.java:56)
at com.essalik.pageobjects.Payment.ClickCardPayment(Payment.java:56)
at com.essalik.pageobjects.Payment.ClickCardPayment(Payment.java:56)
at com.essalik.pageobjects.Payment.ClickCardPayment(Payment.java:56)
at com.essalik.pageobjects.Payment.ClickCardPayment(Payment.java:56)
at com.essalik.pageobjects.Payment.ClickCardPayment(Payment.java:56)
at com.essalik.pageobjects.Payment.ClickCardPayment(Payment.java:56)
at com.essalik.pageobjects.Payment.ClickCardPayment(Payment.java:56)
at com.essalik.pageobjects.Payment.ClickCardPayment(Payment.java:56)
at com.essalik.pageobjects.Payment.ClickCardPayment(Payment.java:56)
at com.essalik.pageobjects.Payment.ClickCardPayment(Payment.java:56)
at com.essalik.pageobjects.Payment.ClickCardPayment(Payment.java:56)
at com.essalik.pageobjects.Payment.ClickCardPayment(Payment.java:56)
at com.essalik.pageobjects.Payment.ClickCardPayment(Payment.java:56)
at com.essalik.pageobjects.Payment.ClickCardPayment(Payment.java:56)
at com.essalik.pageobjects.Payment.ClickCardPayment(Payment.java:56)
at com.essalik.pageobjects.Payment.ClickCardPayment(Payment.java:56)
at com.essalik.pageobjects.Payment.ClickCardPayment(Payment.java:56)
at com.essalik.pageobjects.Payment.ClickCardPayment(Payment.java:56)
at com.essalik.pageobjects.Payment.ClickCardPayment(Payment.java:56)
at com.essalik.pageobjects.Payment.ClickCardPayment(Payment.java:56)
at com.essalik.pageobjects.Payment.ClickCardPayment(Payment.java:56)
at com.essalik.pageobjects.Payment.ClickCardPayment(Payment.java:56)
at com.essalik.pageobjects.Payment.ClickCardPayment(Payment.java:56)
at com.essalik.pageobjects.Payment.ClickCardPayment(Payment.java:56)
at com.essalik.pageobjects.Payment.ClickCardPayment(Payment.java:56)
at com.essalik.pageobjects.Payment.ClickCardPayment(Payment.java:56)
at com.essalik.pageobjects.Payment.ClickCardPayment(Payment.java:56)
at com.essalik.pageobjects.Payment.ClickCardPayment(Payment.java:56)
at com.essalik.pageobjects.Payment.ClickCardPayment(Payment.java:56)
at com.essalik.pageobjects.Payment.ClickCardPayment(Payment.java:56)
at com.essalik.pageobjects.Payment.ClickCardPayment(Payment.java:56)
at com.essalik.pageobjects.Payment.ClickCardPayment(Payment.java:56)
at com.essalik.pageobjects.Payment.ClickCardPayment(Payment.java:56)
at com.essalik.pageobjects.Payment.ClickCardPayment(Payment.java:56)
at com.essalik.pageobjects.Payment.ClickCardPayment(Payment.java:56)
at com.essalik.pageobjects.Payment.ClickCardPayment(Payment.java:56)
at com.essalik.pageobjects.Payment.ClickCardPayment(Payment.java:56)
at com.essalik.pageobjects.Payment.ClickCardPayment(Payment.java:56)
at com.essalik.pageobjects.Payment.ClickCardPayment(Payment.java:56)
at com.essalik.pageobjects.Payment.ClickCardPayment(Payment.java:56)
at com.essalik.pageobjects.Payment.ClickCardPayment(Payment.java:56)
at com.essalik.pageobjects.Payment.ClickCardPayment(Payment.java:56)
at com.essalik.pageobjects.Payment.ClickCardPayment(Payment.java:56)
at com.essalik.pageobjects.Payment.ClickCardPayment(Payment.java:56)
at com.essalik.pageobjects.Payment.ClickCardPayment(Payment.java:56)
at com.essalik.pageobjects.Payment.ClickCardPayment(Payment.java:56)
at com.essalik.pageobjects.Payment.ClickCardPayment(Payment.java:56)
at com.essalik.pageobjects.Payment.ClickCardPayment(Payment.java:56)
at com.essalik.pageobjects.Payment.ClickCardPayment(Payment.java:56)
at com.essalik.pageobjects.Payment.ClickCardPayment(Payment.java:56)
at com.essalik.pageobjects.Payment.ClickCardPayment(Payment.java:56)
at com.essalik.pageobjects.Payment.ClickCardPayment(Payment.java:56)
at com.essalik.pageobjects.Payment.ClickCardPayment(Payment.java:56)
at com.essalik.pageobjects.Payment.ClickCardPayment(Payment.java:56)
at com.essalik.pageobjects.Payment.ClickCardPayment(Payment.java:56)
at com.essalik.pageobjects.Payment.ClickCardPayment(Payment.java:56)
at com.essalik.pageobjects.Payment.ClickCardPayment(Payment.java:56)
at com.essalik.pageobjects.Payment.ClickCardPayment(Payment.java:56)
at com.essalik.pageobjects.Payment.ClickCardPayment(Payment.java:56)
at com.essalik.pageobjects.Payment.ClickCardPayment(Payment.java:56)
at com.essalik.pageobjects.Payment.ClickCardPayment(Payment.java:56)
at com.essalik.pageobjects.Payment.ClickCardPayment(Payment.java:56)
at com.essalik.pageobjects.Payment.ClickCardPayment(Payment.java:56)
at com.essalik.pageobjects.Payment.ClickCardPayment(Payment.java:56)
at com.essalik.pageobjects.Payment.ClickCardPayment(Payment.java:56)
at com.essalik.pageobjects.Payment.ClickCardPayment(Payment.java:56)
at com.essalik.pageobjects.Payment.ClickCardPayment(Payment.java:56)
at com.essalik.pageobjects.Payment.ClickCardPayment(Payment.java:56)
at com.essalik.pageobjects.Payment.ClickCardPayment(Payment.java:56)
at com.essalik.pageobjects.Payment.ClickCardPayment(Payment.java:56)
at com.essalik.pageobjects.Payment.ClickCardPayment(Payment.java:56)
at com.essalik.pageobjects.Payment.ClickCardPayment(Payment.java:56)
at com.essalik.pageobjects.Payment.ClickCardPayment(Payment.java:56)
at com.essalik.pageobjects.Payment.ClickCardPayment(Payment.java:56)
at com.essalik.pageobjects.Payment.ClickCardPayment(Payment.java:56)
at com.essalik.pageobjects.Payment.ClickCardPayment(Payment.java:56)
at com.essalik.pageobjects.Payment.ClickCardPayment(Payment.java:56)
at com.essalik.pageobjects.Payment.ClickCardPayment(Payment.java:56)
at com.essalik.pageobjects.Payment.ClickCardPayment(Payment.java:56)
at com.essalik.pageobjects.Payment.ClickCardPayment(Payment.java:56)
at com.essalik.pageobjects.Payment.ClickCardPayment(Payment.java:56)
at com.essalik.pageobjects.Payment.ClickCardPayment(Payment.java:56)
at com.essalik.pageobjects.Payment.ClickCardPayment(Payment.java:56)
at com.essalik.pageobjects.Payment.ClickCardPayment(Payment.java:56)
at com.essalik.pageobjects.Payment.ClickCardPayment(Payment.java:56)
at com.essalik.pageobjects.Payment.ClickCardPayment(Payment.java:56)
at com.essalik.pageobjects.Payment.ClickCardPayment(Payment.java:56)
at com.essalik.pageobjects.Payment.ClickCardPayment(Payment.java:56)
at com.essalik.pageobjects.Payment.ClickCardPayment(Payment.java:56)
at com.essalik.pageobjects.Payment.ClickCardPayment(Payment.java:56)
at com.essalik.pageobjects.Payment.ClickCardPayment(Payment.java:56)
at com.essalik.pageobjects.Payment.ClickCardPayment(Payment.java:56)
at com.essalik.pageobjects.Payment.ClickCardPayment(Payment.java:56)
at com.essalik.pageobjects.Payment.ClickCardPayment(Payment.java:56)
at com.essalik.pageobjects.Payment.ClickCardPayment(Payment.java:56)
at com.essalik.pageobjects.Payment.ClickCardPayment(Payment.java:56)
at com.essalik.pageobjects.Payment.ClickCardPayment(Payment.java:56)
at com.essalik.pageobjects.Payment.ClickCardPayment(Payment.java:56)
at com.essalik.pageobjects.Payment.ClickCardPayment(Payment.java:56)
at com.essalik.pageobjects.Payment.ClickCardPayment(Payment.java:56)
at com.essalik.pageobjects.Payment.ClickCardPayment(Payment.java:56)
at com.essalik.pageobjects.Payment.ClickCardPayment(Payment.java:56)
at com.essalik.pageobjects.Payment.ClickCardPayment(Payment.java:56)
at com.essalik.pageobjects.Payment.ClickCardPayment(Payment.java:56)
at com.essalik.pageobjects.Payment.ClickCardPayment(Payment.java:56)
at com.essalik.pageobjects.Payment.ClickCardPayment(Payment.java:56)
at com.essalik.pageobjects.Payment.ClickCardPayment(Payment.java:56)
at com.essalik.pageobjects.Payment.ClickCardPayment(Payment.java:56)
at com.essalik.pageobjects.Payment.ClickCardPayment(Payment.java:56)
at com.essalik.pageobjects.Payment.ClickCardPayment(Payment.java:56)
at com.essalik.pageobjects.Payment.ClickCardPayment(Payment.java:56)
at com.essalik.pageobjects.Payment.ClickCardPayment(Payment.java:56)
at com.essalik.pageobjects.Payment.ClickCardPayment(Payment.java:56)
at com.essalik.pageobjects.Payment.ClickCardPayment(Payment.java:56)
at com.essalik.pageobjects.Payment.ClickCardPayment(Payment.java:56)
at com.essalik.pageobjects.Payment.ClickCardPayment(Payment.java:56)
at com.essalik.pageobjects.Payment.ClickCardPayment(Payment.java:56)
at com.essalik.pageobjects.Payment.ClickCardPayment(Payment.java:56)
at com.essalik.pageobjects.Payment.ClickCardPayment(Payment.java:56)
at com.essalik.pageobjects.Payment.ClickCardPayment(Payment.java:56)
at com.essalik.pageobjects.Payment.ClickCardPayment(Payment.java:56)
at com.essalik.testcases1.Payments.CardPayment(Payments.java:58)
at com.essalik.testcases1.Payments.pay(Payments.java:25)
at java.base/java.util.ArrayList.forEach(ArrayList.java:1511)
... Removed 32 stack frames]]>
    </failure>
  </testcase> <!-- pay -->
  <testcase classname="com.essalik.Baseclass.BaseClass" name="@AfterTest browserQuit" time="0.0">
    <ignored/>
  </testcase> <!-- @AfterTest browserQuit -->
  <testcase classname="com.essalik.Baseclass.BaseClass" name="@AfterTest browserQuit" time="0.0">
    <ignored/>
  </testcase> <!-- @AfterTest browserQuit -->
  <testcase classname="com.essalik.Baseclass.BaseClass" name="@AfterTest browserQuit" time="0.0">
    <ignored/>
  </testcase> <!-- @AfterTest browserQuit -->
  <testcase classname="com.essalik.Baseclass.BaseClass" name="@BeforeTest setup" time="0.0">
    <ignored/>
  </testcase> <!-- @BeforeTest setup -->
  <testcase classname="com.essalik.Baseclass.BaseClass" name="@BeforeTest setup" time="0.0">
    <ignored/>
  </testcase> <!-- @BeforeTest setup -->
  <testcase classname="com.essalik.Baseclass.BaseClass" name="@BeforeTest setup" time="0.0">
    <ignored/>
  </testcase> <!-- @BeforeTest setup -->
</testsuite> <!-- End to end testing -->
